********************************************************************************
DUPLICATOR-LITE PACKAGE-LOG: 22 April, 2019 4:59 am
NOTICE: Do NOT post to public sites or forums 
********************************************************************************
VERSION:	1.3.10
WORDPRESS:	5.0.4
PHP INFO:	7.2.12 | SAPI: apache2handler
SERVER:		Apache/2.4.37 (Win32) OpenSSL/1.1.1 PHP/7.2.12 
PHP TIME LIMIT: (0) no time limit imposed 
PHP MAX MEMORY: 4294967296 (128M default) 
MEMORY STACK: 10MB 

********************************************************************************
DATABASE:
********************************************************************************
BUILD MODE:   MYSQLDUMP
MYSQLTIMEOUT: 5000
MYSQLDUMP:    Is Supported 
SQL CREATED: 20190422_websiebanhang_b2432ba58fd076086191_20190422045734_database.sql 
SQL FILE SIZE: 1.26MB (1323387) 
SQL FILE TIME: 2019-04-22 04:59:34 
SQL RUNTIME: 11.95 sec. 

******************************************************************************** 
ARCHIVE (ZIP): 
******************************************************************************** 
ARCHIVE DIR:  C:/xampp/htdocs/banhang 
ARCHIVE FILE: 20190422_websiebanhang_b2432ba58fd076086191_20190422045734_archive.zip 
FILTERS: *OFF* 
DIRS:
	not set 
FILES:
	not set 
EXTS:  not set 
---------------------------------------- 
COMPRESSING 
SIZE:	97.22MB 
STATS:	Dirs 648 | Files 5,419 
SQL ADDED: 20190422_websiebanhang_b2432ba58fd076086191_20190422045734_database.sql 
ZipArchive Object
(
    [status] => 0
    [statusSys] => 0
    [numFiles] => 6067
    [filename] => C:\xampp\htdocs\banhang\wp-snapshots\tmp\20190422_websiebanhang_b2432ba58fd076086191_20190422045734_archive.zip
    [comment] => 
)
 
FILE ADDED TO ZIP: 6066 
COMPRESSION RESULT: '1' 
COMPRESSED SIZE: 40.52MB 
ARCHIVE RUNTIME: 342.08 sec. 
MEMORY STACK: 12MB 
building installer 
add_extra_files1 
add_extra_files2 
add_extra_files3 
add_extra_files4 
Doing archive file check 
add_extra_files5 
add_extra_files6 
add_extra_files8 
Successfully opened zip C:/xampp/htdocs/banhang/wp-snapshots/tmp/20190422_websiebanhang_b2432ba58fd076086191_20190422045734_archive.zip 
Adding enhanced installer files to archive using ZipArchive 
Installer files added to archive 
Added to archive 
After ziparchive close when adding installer 

******************************************************************************** 
INTEGRITY CHECKS: 
******************************************************************************** 
SQL FILE: 1.26MB 
INSTALLER FILE: 207.33KB 
ARCHIVE FILE: 41.48MB  
EXPECTED FILE/DIRECTORY COUNT: 6,067 
ACTUAL FILE/DIRECTORY COUNT: 6,066 
ARCHIVE CONSISTENCY TEST: Pass 

********************************************************************************
RECORD ID:[1]
TOTAL PROCESS RUNTIME: 362.62 sec.
PEAK PHP MEMORY USED: 12MB
DONE PROCESSING => 20190422_websiebanhang 22 April, 2019 5:05 am
 
